#
# A fatal error has been detected by the Java Runtime Environment:
#
#  Internal Error (javaCalls.cpp:59), pid=45024, tid=45240
#  guarantee(thread->is_Java_thread()) failed: crucial check - the VM thread cannot and must not escape to Java code
#
# JRE version: 6.0_31-b05
# Java VM: Java HotSpot(TM) Client VM (20.6-b01 mixed mode windows-x86 )
# If you would like to submit a bug report, please visit:
#   http://java.sun.com/webapps/bugreport/crash.jsp
#

---------------  T H R E A D  ---------------

Current thread (0x02371400):  VMThread [stack: 0x185a0000,0x185f0000] [id=45240]

Stack: [0x185a0000,0x185f0000],  sp=0x185ef6e4,  free space=317k
Native frames: (J=compiled Java code, j=interpreted, Vv=VM code, C=native code)
V  [jvm.dll+0x1335ca]
V  [jvm.dll+0x12e4dc]
V  [jvm.dll+0xfa4cc]
V  [jvm.dll+0xfac02]
V  [jvm.dll+0x18c3a1]
V  [jvm.dll+0xfaf7a]
V  [jvm.dll+0x12e929]
V  [jvm.dll+0x12eaac]
V  [jvm.dll+0x12eaf5]
V  [jvm.dll+0x74363]
V  [jvm.dll+0x75878]
V  [jvm.dll+0x76a39]
V  [jvm.dll+0x4e60b]
V  [jvm.dll+0x4e89d]
V  [jvm.dll+0x4ec1b]
V  [jvm.dll+0x770e6]
V  [jvm.dll+0x8af87]
V  [jvm.dll+0x119f9a]
V  [jvm.dll+0xd1b27]
V  [jvm.dll+0x11d8d3]
V  [jvm.dll+0x11cb9e]
V  [jvm.dll+0x11cec2]
V  [jvm.dll+0x11d2d2]
V  [jvm.dll+0x140ffc]
C  [msvcr71.dll+0x9565]  endthreadex+0xa0
C  [kernel32.dll+0x1336a]  BaseThreadInitThunk+0x12
C  [ntdll.dll+0x39f72]  RtlInitializeExceptionChain+0x63
C  [ntdll.dll+0x39f45]  RtlInitializeExceptionChain+0x36

VM_Operation (0x1896f9c8): GetOrSetLocal, mode: safepoint, requested by thread 0x023b4c00


---------------  P R O C E S S  ---------------

Java Threads: ( => current thread )
  0x194b7c00 JavaThread "DestroyJavaVM" [_thread_blocked, id=46028, stack(0x003a0000,0x003f0000)]
  0x194b7400 JavaThread "Thread-7" [_thread_blocked, id=5760, stack(0x25ab0000,0x25b00000)]
  0x194b7000 JavaThread "Thread-6" [_thread_blocked, id=5968, stack(0x25a20000,0x25a70000)]
  0x19407400 JavaThread "Thread-5" [_thread_blocked, id=44960, stack(0x25990000,0x259e0000)]
  0x19366400 JavaThread "Thread-4" [_thread_blocked, id=3560, stack(0x25530000,0x25580000)]
  0x1936e400 JavaThread "Java Sound Event Dispatcher" daemon [_thread_blocked, id=36756, stack(0x24b80000,0x24bd0000)]
  0x19322c00 JavaThread "Animation Thread" [_thread_blocked, id=8068, stack(0x1d3b0000,0x1d400000)]
  0x1932e000 JavaThread "D3D Screen Updater" daemon [_thread_blocked, id=45148, stack(0x1cba0000,0x1cbf0000)]
  0x1931b000 JavaThread "AWT-EventQueue-0" [_thread_blocked, id=43068, stack(0x1ca80000,0x1cad0000)]
  0x1903f800 JavaThread "AWT-Windows" daemon [_thread_in_native, id=43312, stack(0x19890000,0x198e0000)]
  0x1903e000 JavaThread "AWT-Shutdown" [_thread_blocked, id=6464, stack(0x19800000,0x19850000)]
  0x1903b400 JavaThread "Java2D Disposer" daemon [_thread_blocked, id=44352, stack(0x191e0000,0x19230000)]
  0x18e59800 JavaThread "Low Memory Detector" daemon [_thread_blocked, id=6392, stack(0x18cf0000,0x18d40000)]
  0x18e5b800 JavaThread "C1 CompilerThread0" daemon [_thread_blocked, id=43488, stack(0x18c60000,0x18cb0000)]
  0x023bb000 JavaThread "JDWP Command Reader" daemon [_thread_in_native, id=3440, stack(0x18b70000,0x18bc0000)]
  0x023b6c00 JavaThread "JDWP Event Helper Thread" daemon [_thread_blocked, id=44096, stack(0x18ac0000,0x18b10000)]
  0x023b4c00 JavaThread "JDWP Transport Listener: dt_socket" daemon [_thread_blocked, id=40224, stack(0x18920000,0x18970000)]
  0x023a9c00 JavaThread "Attach Listener" daemon [_thread_blocked, id=43448, stack(0x187e0000,0x18830000)]
  0x023a6c00 JavaThread "Signal Dispatcher" daemon [_thread_blocked, id=7028, stack(0x18750000,0x187a0000)]
  0x0237a000 JavaThread "Finalizer" daemon [_thread_blocked, id=7648, stack(0x186c0000,0x18710000)]
  0x02375800 JavaThread "Reference Handler" daemon [_thread_blocked, id=6128, stack(0x18630000,0x18680000)]

Other Threads:
=>0x02371400 VMThread [stack: 0x185a0000,0x185f0000] [id=45240]
  0x18e68c00 WatcherThread [stack: 0x19090000,0x190e0000] [id=1124]

VM state:at safepoint (normal execution)

VM Mutex/Monitor currently owned by a thread:  ([mutex/lock_event])
[0x02449800] Threads_lock - owner thread: 0x02371400

Heap
 def new generation   total 36864K, used 21552K [0x04450000, 0x06c50000, 0x099a0000)
  eden space 32768K,  65% used [0x04450000, 0x0592a680, 0x06450000)
  from space 4096K,   4% used [0x06850000, 0x06881cb8, 0x06c50000)
  to   space 4096K,   0% used [0x06450000, 0x06450000, 0x06850000)
 tenured generation   total 81820K, used 55982K [0x099a0000, 0x0e987000, 0x14450000)
   the space 81820K,  68% used [0x099a0000, 0x0d04b860, 0x0d04ba00, 0x0e987000)
 compacting perm gen  total 12288K, used 9423K [0x14450000, 0x15050000, 0x18450000)
   the space 12288K,  76% used [0x14450000, 0x14d83d10, 0x14d83e00, 0x15050000)
No shared spaces configured.

Code Cache  [0x02450000, 0x025a8000, 0x04450000)
 total_blobs=827 nmethods=569 adapters=201 free_code_cache=32157248 largest_free_block=384

Dynamic libraries:
0x00400000 - 0x00425000 	C:\Program Files (x86)\Java\jre6\bin\javaw.exe
0x771f0000 - 0x77370000 	C:\Windows\SysWOW64\ntdll.dll
0x75d50000 - 0x75e60000 	C:\Windows\syswow64\kernel32.dll
0x766a0000 - 0x766e7000 	C:\Windows\syswow64\KERNELBASE.dll
0x767c0000 - 0x76860000 	C:\Windows\syswow64\ADVAPI32.dll
0x76710000 - 0x767bc000 	C:\Windows\syswow64\msvcrt.dll
0x75070000 - 0x75089000 	C:\Windows\SysWOW64\sechost.dll
0x761d0000 - 0x762c0000 	C:\Windows\syswow64\RPCRT4.dll
0x74c10000 - 0x74c70000 	C:\Windows\syswow64\SspiCli.dll
0x74c00000 - 0x74c0c000 	C:\Windows\syswow64\CRYPTBASE.dll
0x76a30000 - 0x76b30000 	C:\Windows\syswow64\USER32.dll
0x76610000 - 0x766a0000 	C:\Windows\syswow64\GDI32.dll
0x76ba0000 - 0x76baa000 	C:\Windows\syswow64\LPK.dll
0x762c0000 - 0x7635d000 	C:\Windows\syswow64\USP10.dll
0x75cf0000 - 0x75d50000 	C:\Windows\system32\IMM32.DLL
0x76360000 - 0x7642c000 	C:\Windows\syswow64\MSCTF.dll
0x7c340000 - 0x7c396000 	C:\Program Files (x86)\Java\jre6\bin\msvcr71.dll
0x6d7f0000 - 0x6da9f000 	C:\Program Files (x86)\Java\jre6\bin\client\jvm.dll
0x72680000 - 0x726b2000 	C:\Windows\system32\WINMM.dll
0x72a90000 - 0x72adc000 	C:\Windows\system32\apphelp.dll
0x6d7a0000 - 0x6d7ac000 	C:\Program Files (x86)\Java\jre6\bin\verify.dll
0x6d320000 - 0x6d33f000 	C:\Program Files (x86)\Java\jre6\bin\java.dll
0x6d370000 - 0x6d399000 	C:\Program Files (x86)\Java\jre6\bin\jdwp.dll
0x6d690000 - 0x6d696000 	C:\Program Files (x86)\Java\jre6\bin\npt.dll
0x6d7e0000 - 0x6d7ef000 	C:\Program Files (x86)\Java\jre6\bin\zip.dll
0x6d200000 - 0x6d207000 	C:\Program Files (x86)\Java\jre6\bin\dt_socket.dll
0x76190000 - 0x761c5000 	C:\Windows\syswow64\WS2_32.dll
0x75090000 - 0x75096000 	C:\Windows\syswow64\NSI.dll
0x6adc0000 - 0x6add0000 	C:\Windows\system32\NLAapi.dll
0x6adb0000 - 0x6adc0000 	C:\Windows\system32\napinsp.dll
0x6ad90000 - 0x6ada2000 	C:\Windows\system32\pnrpnsp.dll
0x73100000 - 0x7313c000 	C:\Windows\System32\mswsock.dll
0x72d90000 - 0x72dd4000 	C:\Windows\system32\DNSAPI.dll
0x6ad80000 - 0x6ad88000 	C:\Windows\System32\winrnr.dll
0x6ad50000 - 0x6ad77000 	C:\Program Files (x86)\Common Files\Microsoft Shared\Windows Live\WLIDNSP.DLL
0x766f0000 - 0x766f5000 	C:\Windows\syswow64\PSAPI.DLL
0x76130000 - 0x76187000 	C:\Windows\syswow64\SHLWAPI.dll
0x6ad20000 - 0x6ad41000 	C:\Program Files (x86)\Bonjour\mdnsNSP.dll
0x71f50000 - 0x71f6c000 	C:\Windows\system32\Iphlpapi.DLL
0x71f40000 - 0x71f47000 	C:\Windows\system32\WINNSI.DLL
0x69390000 - 0x693c8000 	C:\Windows\System32\fwpuclnt.dll
0x693d0000 - 0x693d6000 	C:\Windows\system32\rasadhlp.dll
0x72750000 - 0x72755000 	C:\Windows\System32\wshtcpip.dll
0x6d000000 - 0x6d14c000 	C:\Program Files (x86)\Java\jre6\bin\awt.dll
0x6a1b0000 - 0x6a201000 	C:\Windows\system32\WINSPOOL.DRV
0x74d70000 - 0x74ecc000 	C:\Windows\syswow64\ole32.dll
0x68b70000 - 0x68d0e000 	C:\Windows\WinSxS\x86_microsoft.windows.common-controls_6595b64144ccf1df_6.0.7601.17514_none_41e6975e2bd6f2b2\COMCTL32.dll
0x72840000 - 0x72853000 	C:\Windows\system32\DWMAPI.DLL
0x68ad0000 - 0x68b50000 	C:\Windows\system32\uxtheme.dll
0x6d230000 - 0x6d27f000 	C:\Program Files (x86)\Java\jre6\bin\fontmanager.dll
0x6cda0000 - 0x6cf63000 	C:\Windows\system32\d3d9.dll
0x72fb0000 - 0x72fb9000 	C:\Windows\system32\VERSION.dll
0x73cc0000 - 0x73cc6000 	C:\Windows\system32\d3d8thk.dll
0x5e0b0000 - 0x5ea5d000 	C:\Windows\system32\nvd3dum.dll
0x74450000 - 0x74475000 	C:\Windows\system32\powrprof.dll
0x76c50000 - 0x76ded000 	C:\Windows\syswow64\SETUPAPI.dll
0x765e0000 - 0x76607000 	C:\Windows\syswow64\CFGMGR32.dll
0x76550000 - 0x765df000 	C:\Windows\syswow64\OLEAUT32.dll
0x75e60000 - 0x75e72000 	C:\Windows\syswow64\DEVOBJ.dll
0x750a0000 - 0x75cea000 	C:\Windows\system32\shell32.dll
0x5d920000 - 0x5d97b000 	C:\work\gesturetek\KinectApp\KinectApp\lib\win32\OpenNI2.dll
0x74210000 - 0x742cf000 	C:\Windows\system32\MSVCR100.dll
0x5ae10000 - 0x5afd4000 	C:\work\gesturetek\KinectApp\KinectApp\lib\win32\NiTE2.dll
0x74480000 - 0x744e9000 	C:\Windows\system32\MSVCP100.dll
0x5d9b0000 - 0x5d9e0000 	C:\work\gesturetek\KinectApp\KinectApp\lib\SimpleOpenNI32.dll
0x5c500000 - 0x5c58e000 	C:\Windows\WinSxS\x86_microsoft.vc90.crt_1fc8b3b9a1e18e3b_9.0.30729.6161_none_50934f2ebcb7eb57\MSVCP90.dll
0x73140000 - 0x731e3000 	C:\Windows\WinSxS\x86_microsoft.vc90.crt_1fc8b3b9a1e18e3b_9.0.30729.6161_none_50934f2ebcb7eb57\MSVCR90.dll
0x5f6d0000 - 0x5f6fa000 	C:\work\gesturetek\KinectApp\KinectApp\lib\win32\OpenNI2\Drivers\Kinect.dll
0x71ff0000 - 0x7203a000 	C:\Windows\SYSTEM32\MSCOREE.DLL
0x50270000 - 0x510b5000 	C:\Windows\system32\Kinect10.dll
0x76430000 - 0x76550000 	C:\Windows\syswow64\CRYPT32.dll
0x771c0000 - 0x771cc000 	C:\Windows\syswow64\MSASN1.dll
0x74f00000 - 0x74f2e000 	C:\Windows\syswow64\WINTRUST.dll
0x73f30000 - 0x73f37000 	C:\Windows\system32\WINUSB.DLL
0x71f70000 - 0x71fea000 	C:\Windows\Microsoft.NET\Framework\v4.0.30319\mscoreei.dll
0x716f0000 - 0x71d83000 	C:\Windows\Microsoft.NET\Framework\v4.0.30319\clr.dll
0x71610000 - 0x716e3000 	C:\Windows\system32\MSVCR110_CLR0400.dll
0x70640000 - 0x7160a000 	C:\Windows\assembly\NativeImages_v4.0.30319_32\mscorlib\bf2ecabcd96ec8238dc385b0a3ffa084\mscorlib.ni.dll
0x72cd0000 - 0x72d3e000 	C:\Windows\Microsoft.NET\Framework\v4.0.30319\clrjit.dll
0x5d620000 - 0x5d671000 	C:\work\gesturetek\KinectApp\KinectApp\lib\win32\OpenNI2\Drivers\OniFile.dll
0x5c490000 - 0x5c4f5000 	C:\work\gesturetek\KinectApp\KinectApp\lib\win32\OpenNI2\Drivers\PS1080.dll
0x5d5e0000 - 0x5d617000 	C:\work\gesturetek\KinectApp\KinectApp\lib\win32\OpenNI2\Drivers\PSLink.dll
0x72730000 - 0x72746000 	C:\Windows\system32\CRYPTSP.dll
0x726f0000 - 0x7272b000 	C:\Windows\system32\rsaenh.dll
0x6d510000 - 0x6d535000 	C:\Program Files (x86)\Java\jre6\bin\jsound.dll
0x6d540000 - 0x6d548000 	C:\Program Files (x86)\Java\jre6\bin\jsoundds.dll
0x6cf70000 - 0x6cfe2000 	C:\Windows\system32\DSOUND.dll
0x744f0000 - 0x74529000 	C:\Windows\system32\MMDevAPI.DLL
0x74340000 - 0x74435000 	C:\Windows\system32\PROPSYS.dll
0x6c8e0000 - 0x6c910000 	C:\Windows\system32\wdmaud.drv
0x73350000 - 0x73354000 	C:\Windows\system32\ksuser.dll
0x74620000 - 0x74627000 	C:\Windows\system32\AVRT.dll
0x728c0000 - 0x728f6000 	C:\Windows\system32\AUDIOSES.DLL
0x73490000 - 0x73498000 	C:\Windows\system32\msacm32.drv
0x6b010000 - 0x6b024000 	C:\Windows\system32\MSACM32.dll
0x732a0000 - 0x732a7000 	C:\Windows\system32\midimap.dll
0x760a0000 - 0x76123000 	C:\Windows\syswow64\CLBCatQ.DLL
0x6d440000 - 0x6d465000 	C:\Program Files (x86)\Java\jre6\bin\jpeg.dll
0x723c0000 - 0x723d7000 	C:\Windows\system32\USERENV.dll
0x72420000 - 0x7242b000 	C:\Windows\system32\profapi.dll
0x742d0000 - 0x742e6000 	C:\Windows\system32\GPAPI.dll
0x732b0000 - 0x732e8000 	C:\Windows\system32\ncrypt.dll
0x72770000 - 0x72787000 	C:\Windows\system32\bcrypt.dll
0x68420000 - 0x6845d000 	C:\Windows\SysWOW64\bcryptprimitives.dll
0x73300000 - 0x7331c000 	C:\Windows\system32\cryptnet.dll
0x74d20000 - 0x74d65000 	C:\Windows\syswow64\WLDAP32.dll
0x68140000 - 0x68146000 	C:\Windows\system32\SensApi.dll
0x6d1a0000 - 0x6d1c3000 	C:\Program Files (x86)\Java\jre6\bin\dcpr.dll

VM Arguments:
jvm_args: -agentlib:jdwp=transport=dt_socket,suspend=y,address=localhost:51349 -Djava.library.path=C:\work\gesturetek\KinectApp\KinectApp\lib\base\minim;C:\work\gesturetek\KinectApp\KinectApp\lib\base\minim;C:\work\gesturetek\KinectApp\KinectApp\lib\base\minim;C:\work\gesturetek\KinectApp\KinectApp\lib\base\minim;C:\work\gesturetek\KinectApp\KinectApp\lib\base\minim;C:\work\gesturetek\KinectApp\KinectApp\lib\base\minim;C:\work\gesturetek\KinectApp\KinectApp\lib\base\core;C:\work\gesturetek\KinectApp\KinectApp\lib\base\core;C:\work\gesturetek\KinectApp\KinectApp\lib\base\core;C:\work\gesturetek\KinectApp\KinectApp\lib\base\core;C:\work\gesturetek\KinectApp\KinectApp\lib\base\core;C:\work\gesturetek\KinectApp\KinectApp\lib\base\core;C:\work\gesturetek\KinectApp\KinectApp\lib\base\core;C:\work\gesturetek\KinectApp\KinectApp\lib\user\SimpleOpenNI -Dfile.encoding=Cp1252 
java_command: kinectapp.KinectApp
Launcher Type: SUN_STANDARD

Environment Variables:
PATH=C:\Program Files\Common Files\Microsoft Shared\Windows Live;C:\Program Files (x86)\Common Files\Microsoft Shared\Windows Live;C:\Windows\system32;C:\Windows;C:\Windows\System32\Wbem;C:\Windows\System32\WindowsPowerShell\v1.0\;C:\Program Files\Intel\WiFi\bin\;C:\Program Files\Common Files\Intel\WirelessCommon\;C:\Program Files (x86)\Windows Live\Shared;C:\Program Files (x86)\Common Files\Roxio Shared\OEM\DLLShared\;C:\Program Files (x86)\Common Files\Roxio Shared\OEM\DLLShared\;C:\Program Files (x86)\Common Files\Roxio Shared\OEM\12.0\DLLShared\;C:\Program Files (x86)\Roxio\OEM\AudioCore\;C:\Program Files (x86)\jZip;C:\Program Files (x86)\sbt\;C:\Program Files\Microsoft Windows Performance Toolkit\;C:\Program Files (x86)\GtkSharp\2.12\bin;C:\Program Files\Microsoft\Web Platform Installer\;C:\Program Files (x86)\Microsoft ASP.NET\ASP.NET Web Pages\v1.0\;C:\Program Files\Microsoft SQL Server\110\Tools\Binn\;C:\Program Files (x86)\Common Files\Teleca Shared;C:\Users\kev\Documents\Processing\libraries;C:\Program Files (x86)\OpenNI\bin;C:\Ruby193\bin;C:\Motion-Twin\Haxe\;C:\Motion-Twin\neko
USERNAME=kev
OS=Windows_NT
PROCESSOR_IDENTIFIER=Intel64 Family 6 Model 42 Stepping 7, GenuineIntel



---------------  S Y S T E M  ---------------

OS: Windows 7 , 64 bit Build 7601 Service Pack 1

CPU:total 8 (4 cores per cpu, 2 threads per core) family 6 model 42 stepping 7, cmov, cx8, fxsr, mmx, sse, sse2, sse3, ssse3, sse4.1, sse4.2, popcnt, ht

Memory: 4k page, physical 12542124k(8407164k free), swap 25082384k(19864240k free)

vm_info: Java HotSpot(TM) Client VM (20.6-b01) for windows-x86 JRE (1.6.0_31-b05), built on Feb  3 2012 18:44:09 by "java_re" with MS VC++ 7.1 (VS2003)

time: Wed Nov 20 14:07:56 2013
elapsed time: 129 seconds

